<?xml version="1.0" encoding="UTF-8"?>
<!-- Generated by org.testng.reporters.JUnitXMLReporter -->
<testsuite ignored="0" hostname="DESKTOP-5EVK54D" failures="0" tests="4" name="Test" time="9.331" errors="0" timestamp="2023-03-12T19:54:48 IST">
  <testcase classname="ecommerceapi.LoginAPI" name="loginToApp" time="7.548"/>
  <testcase classname="ecommerceapi.Add_Product" name="addProductToApp" time="0.79"/>
  <testcase classname="ecommerceapi.PlaceOrdersAPI" name="placeOrder" time="0.516"/>
  <testcase classname="ecommerceapi.DeleteProductAPI" name="deleteProductFromApp" time="0.333"/>
</testsuite> <!-- Test -->
