<?xml version="1.0" encoding="UTF-8"?>
<!-- Generated by org.testng.reporters.JUnitXMLReporter -->
<testsuite ignored="0" hostname="DESKTOP-5EVK54D" failures="0" tests="3" name="Test" time="8.308" errors="0" timestamp="2023-03-11T20:29:53 IST">
  <testcase classname="ecommerceapi.LoginAPI" name="loginToApp" time="7.257"/>
  <testcase classname="ecommerceapi.Add_Product" name="addProductToApp" time="0.687"/>
  <testcase classname="ecommerceapi.PlaceOrdersAPI" name="placeOrder" time="0.2"/>
</testsuite> <!-- Test -->
