<?xml version="1.0" encoding="UTF-8"?>
<testng-results ignored="0" total="2" passed="2" failed="0" skipped="0">
  <reporter-output>
  </reporter-output>
  <suite started-at="2023-03-10T20:18:58 IST" name="Default suite" finished-at="2023-03-10T20:19:13 IST" duration-ms="15376">
    <groups>
    </groups>
    <test started-at="2023-03-10T20:18:58 IST" name="Default test" finished-at="2023-03-10T20:19:13 IST" duration-ms="15376">
      <class name="basics.APIChaining">
        <test-method signature="createUser()[pri:1, instance:basics.APIChaining@581ac8a8]" started-at="2023-03-10T20:18:58 IST" name="createUser" finished-at="2023-03-10T20:19:05 IST" duration-ms="7208" status="PASS">
          <reporter-output>
          </reporter-output>
        </test-method> <!-- createUser -->
        <test-method signature="getUserDetails()[pri:2, instance:basics.APIChaining@581ac8a8]" started-at="2023-03-10T20:19:05 IST" name="getUserDetails" finished-at="2023-03-10T20:19:13 IST" duration-ms="8059" status="PASS">
          <reporter-output>
          </reporter-output>
        </test-method> <!-- getUserDetails -->
      </class> <!-- basics.APIChaining -->
    </test> <!-- Default test -->
  </suite> <!-- Default suite -->
</testng-results>
